# JRE version: OpenJDK Runtime Environment Temurin-21.0.8+9 (21.0.8+9) (build 21.0.8+9-LTS)
# Java VM: OpenJDK 64-Bit Server VM Temurin-21.0.8+9 (21.0.8+9-LTS, mixed mode, sharing, tiered, compressed oops, compressed class ptrs, parallel gc, windows-amd64)
GC Precious Log:
 CardTable entry size: 512
 CPUs: 16 total, 16 available
 Memory: 16176M
 Large Page Support: Disabled
 NUMA Support: Disabled
 Compressed Oops: Enabled (32-bit)
 Alignments: Space 512K, Generation 512K, Heap 2M
 Heap Min Capacity: 100M
 Heap Initial Capacity: 100M
 Heap Max Capacity: 2G
 Pre-touch: Disabled
 Parallel Workers: 13
Heap:
 PSYoungGen      total 21504K, used 15567K [0x00000000d5580000, 0x00000000d6f80000, 0x0000000100000000)
  eden space 16896K, 66% used [0x00000000d5580000,0x00000000d608c838,0x00000000d6600000)
  from space 4608K, 92% used [0x00000000d6b00000,0x00000000d6f27728,0x00000000d6f80000)
  to   space 4608K, 0% used [0x00000000d6680000,0x00000000d6680000,0x00000000d6b00000)
 ParOldGen       total 83456K, used 83257K [0x0000000080000000, 0x0000000085180000, 0x00000000d5580000)
  object space 83456K, 99% used [0x0000000080000000,0x000000008514e438,0x0000000085180000)
 Metaspace       used 48834K, committed 50112K, reserved 1114112K
  class space    used 5226K, committed 5824K, reserved 1048576K
GC Heap History (20 events):
Event: 5.120 GC heap before
{Heap before GC invocations=28 (full 2):
 PSYoungGen      total 22528K, used 22304K [0x00000000d5580000, 0x00000000d6e00000, 0x0000000100000000)
  eden space 19968K, 100% used [0x00000000d5580000,0x00000000d6900000,0x00000000d6900000)
  from space 2560K, 91% used [0x00000000d6900000,0x00000000d6b48010,0x00000000d6b80000)
  to   space 2560K, 0% used [0x00000000d6b80000,0x00000000d6b80000,0x00000000d6e00000)
 ParOldGen       total 68608K, used 47566K [0x0000000080000000, 0x0000000084300000, 0x00000000d5580000)
  object space 68608K, 69% used [0x0000000080000000,0x0000000082e73808,0x0000000084300000)
 Metaspace       used 45033K, committed 46272K, reserved 1114112K
  class space    used 4783K, committed 5312K, reserved 1048576K
}
Event: 5.121 GC heap after
{Heap after GC invocations=28 (full 2):
 PSYoungGen      total 22528K, used 2103K [0x00000000d5580000, 0x00000000d6e00000, 0x0000000100000000)
  eden space 19968K, 0% used [0x00000000d5580000,0x00000000d5580000,0x00000000d6900000)
  from space 2560K, 82% used [0x00000000d6b80000,0x00000000d6d8df18,0x00000000d6e00000)
  to   space 2560K, 0% used [0x00000000d6900000,0x00000000d6900000,0x00000000d6b80000)
 ParOldGen       total 68608K, used 49725K [0x0000000080000000, 0x0000000084300000, 0x00000000d5580000)
  object space 68608K, 72% used [0x0000000080000000,0x000000008308f518,0x0000000084300000)
 Metaspace       used 45033K, committed 46272K, reserved 1114112K
  class space    used 4783K, committed 5312K, reserved 1048576K
}
Event: 5.236 GC heap before
{Heap before GC invocations=29 (full 2):
 PSYoungGen      total 22528K, used 22071K [0x00000000d5580000, 0x00000000d6e00000, 0x0000000100000000)
  eden space 19968K, 100% used [0x00000000d5580000,0x00000000d6900000,0x00000000d6900000)
  from space 2560K, 82% used [0x00000000d6b80000,0x00000000d6d8df18,0x00000000d6e00000)
  to   space 2560K, 0% used [0x00000000d6900000,0x00000000d6900000,0x00000000d6b80000)
 ParOldGen       total 68608K, used 49725K [0x0000000080000000, 0x0000000084300000, 0x00000000d5580000)
  object space 68608K, 72% used [0x0000000080000000,0x000000008308f518,0x0000000084300000)
 Metaspace       used 45919K, committed 47232K, reserved 1114112K
  class space    used 4890K, committed 5440K, reserved 1048576K
}
Event: 5.238 GC heap after
{Heap after GC invocations=29 (full 2):
 PSYoungGen      total 22528K, used 2557K [0x00000000d5580000, 0x00000000d7500000, 0x0000000100000000)
  eden space 19968K, 0% used [0x00000000d5580000,0x00000000d5580000,0x00000000d6900000)
  from space 2560K, 99% used [0x00000000d6900000,0x00000000d6b7f548,0x00000000d6b80000)
  to   space 6144K, 0% used [0x00000000d6f00000,0x00000000d6f00000,0x00000000d7500000)
 ParOldGen       total 68608K, used 52455K [0x0000000080000000, 0x0000000084300000, 0x00000000d5580000)
  object space 68608K, 76% used [0x0000000080000000,0x0000000083339f80,0x0000000084300000)
 Metaspace       used 45919K, committed 47232K, reserved 1114112K
  class space    used 4890K, committed 5440K, reserved 1048576K
}
Event: 5.333 GC heap before
{Heap before GC invocations=30 (full 2):
 PSYoungGen      total 22528K, used 22525K [0x00000000d5580000, 0x00000000d7500000, 0x0000000100000000)
  eden space 19968K, 100% used [0x00000000d5580000,0x00000000d6900000,0x00000000d6900000)
  from space 2560K, 99% used [0x00000000d6900000,0x00000000d6b7f548,0x00000000d6b80000)
  to   space 6144K, 0% used [0x00000000d6f00000,0x00000000d6f00000,0x00000000d7500000)
 ParOldGen       total 68608K, used 52455K [0x0000000080000000, 0x0000000084300000, 0x00000000d5580000)
  object space 68608K, 76% used [0x0000000080000000,0x0000000083339f80,0x0000000084300000)
 Metaspace       used 46719K, committed 48000K, reserved 1114112K
  class space    used 5012K, committed 5568K, reserved 1048576K
}
Event: 5.335 GC heap after
{Heap after GC invocations=30 (full 2):
 PSYoungGen      total 23552K, used 3459K [0x00000000d5580000, 0x00000000d7280000, 0x0000000100000000)
  eden space 19968K, 0% used [0x00000000d5580000,0x00000000d5580000,0x00000000d6900000)
  from space 3584K, 96% used [0x00000000d6f00000,0x00000000d7260c10,0x00000000d7280000)
  to   space 4608K, 0% used [0x00000000d6980000,0x00000000d6980000,0x00000000d6e00000)
 ParOldGen       total 68608K, used 55009K [0x0000000080000000, 0x0000000084300000, 0x00000000d5580000)
  object space 68608K, 80% used [0x0000000080000000,0x00000000835b8598,0x0000000084300000)
 Metaspace       used 46719K, committed 48000K, reserved 1114112K
  class space    used 5012K, committed 5568K, reserved 1048576K
}
Event: 5.403 GC heap before
{Heap before GC invocations=31 (full 2):
 PSYoungGen      total 23552K, used 23427K [0x00000000d5580000, 0x00000000d7280000, 0x0000000100000000)
  eden space 19968K, 100% used [0x00000000d5580000,0x00000000d6900000,0x00000000d6900000)
  from space 3584K, 96% used [0x00000000d6f00000,0x00000000d7260c10,0x00000000d7280000)
  to   space 4608K, 0% used [0x00000000d6980000,0x00000000d6980000,0x00000000d6e00000)
 ParOldGen       total 68608K, used 55009K [0x0000000080000000, 0x0000000084300000, 0x00000000d5580000)
  object space 68608K, 80% used [0x0000000080000000,0x00000000835b8598,0x0000000084300000)
 Metaspace       used 47342K, committed 48576K, reserved 1114112K
  class space    used 5069K, committed 5632K, reserved 1048576K
}
Event: 5.406 GC heap after
{Heap after GC invocations=31 (full 2):
 PSYoungGen      total 24064K, used 3776K [0x00000000d5580000, 0x00000000d7100000, 0x0000000100000000)
  eden space 19968K, 0% used [0x00000000d5580000,0x00000000d5580000,0x00000000d6900000)
  from space 4096K, 92% used [0x00000000d6980000,0x00000000d6d302d8,0x00000000d6d80000)
  to   space 3584K, 0% used [0x00000000d6d80000,0x00000000d6d80000,0x00000000d7100000)
 ParOldGen       total 68608K, used 58206K [0x0000000080000000, 0x0000000084300000, 0x00000000d5580000)
  object space 68608K, 84% used [0x0000000080000000,0x00000000838d7990,0x0000000084300000)
 Metaspace       used 47342K, committed 48576K, reserved 1114112K
  class space    used 5069K, committed 5632K, reserved 1048576K
}
Event: 5.489 GC heap before
{Heap before GC invocations=32 (full 2):
 PSYoungGen      total 24064K, used 23744K [0x00000000d5580000, 0x00000000d7100000, 0x0000000100000000)
  eden space 19968K, 100% used [0x00000000d5580000,0x00000000d6900000,0x00000000d6900000)
  from space 4096K, 92% used [0x00000000d6980000,0x00000000d6d302d8,0x00000000d6d80000)
  to   space 3584K, 0% used [0x00000000d6d80000,0x00000000d6d80000,0x00000000d7100000)
 ParOldGen       total 68608K, used 58206K [0x0000000080000000, 0x0000000084300000, 0x00000000d5580000)
  object space 68608K, 84% used [0x0000000080000000,0x00000000838d7990,0x0000000084300000)
 Metaspace       used 48308K, committed 49536K, reserved 1114112K
  class space    used 5190K, committed 5760K, reserved 1048576K
}
Event: 5.491 GC heap after
{Heap after GC invocations=32 (full 2):
 PSYoungGen      total 23552K, used 3432K [0x00000000d5580000, 0x00000000d7100000, 0x0000000100000000)
  eden space 19968K, 0% used [0x00000000d5580000,0x00000000d5580000,0x00000000d6900000)
  from space 3584K, 95% used [0x00000000d6d80000,0x00000000d70da078,0x00000000d7100000)
  to   space 3584K, 0% used [0x00000000d6a00000,0x00000000d6a00000,0x00000000d6d80000)
 ParOldGen       total 68608K, used 61521K [0x0000000080000000, 0x0000000084300000, 0x00000000d5580000)
  object space 68608K, 89% used [0x0000000080000000,0x0000000083c14548,0x0000000084300000)
 Metaspace       used 48308K, committed 49536K, reserved 1114112K
  class space    used 5190K, committed 5760K, reserved 1048576K
}
Event: 5.572 GC heap before
{Heap before GC invocations=33 (full 2):
 PSYoungGen      total 23552K, used 23400K [0x00000000d5580000, 0x00000000d7100000, 0x0000000100000000)
  eden space 19968K, 100% used [0x00000000d5580000,0x00000000d6900000,0x00000000d6900000)
  from space 3584K, 95% used [0x00000000d6d80000,0x00000000d70da078,0x00000000d7100000)
  to   space 3584K, 0% used [0x00000000d6a00000,0x00000000d6a00000,0x00000000d6d80000)
 ParOldGen       total 68608K, used 61521K [0x0000000080000000, 0x0000000084300000, 0x00000000d5580000)
  object space 68608K, 89% used [0x0000000080000000,0x0000000083c14548,0x0000000084300000)
 Metaspace       used 48786K, committed 50112K, reserved 1114112K
  class space    used 5226K, committed 5824K, reserved 1048576K
}
Event: 5.574 GC heap after
{Heap after GC invocations=33 (full 2):
 PSYoungGen      total 23552K, used 3583K [0x00000000d5580000, 0x00000000d7900000, 0x0000000100000000)
  eden space 19968K, 0% used [0x00000000d5580000,0x00000000d5580000,0x00000000d6900000)
  from space 3584K, 99% used [0x00000000d6a00000,0x00000000d6d7ffe8,0x00000000d6d80000)
  to   space 8192K, 0% used [0x00000000d7100000,0x00000000d7100000,0x00000000d7900000)
 ParOldGen       total 68608K, used 64998K [0x0000000080000000, 0x0000000084300000, 0x00000000d5580000)
  object space 68608K, 94% used [0x0000000080000000,0x0000000083f79820,0x0000000084300000)
 Metaspace       used 48786K, committed 50112K, reserved 1114112K
  class space    used 5226K, committed 5824K, reserved 1048576K
}
Event: 5.663 GC heap before
{Heap before GC invocations=34 (full 2):
 PSYoungGen      total 23552K, used 23551K [0x00000000d5580000, 0x00000000d7900000, 0x0000000100000000)
  eden space 19968K, 100% used [0x00000000d5580000,0x00000000d6900000,0x00000000d6900000)
  from space 3584K, 99% used [0x00000000d6a00000,0x00000000d6d7ffe8,0x00000000d6d80000)
  to   space 8192K, 0% used [0x00000000d7100000,0x00000000d7100000,0x00000000d7900000)
 ParOldGen       total 68608K, used 64998K [0x0000000080000000, 0x0000000084300000, 0x00000000d5580000)
  object space 68608K, 94% used [0x0000000080000000,0x0000000083f79820,0x0000000084300000)
 Metaspace       used 48799K, committed 50112K, reserved 1114112K
  class space    used 5226K, committed 5824K, reserved 1048576K
}
Event: 5.666 GC heap after
{Heap after GC invocations=34 (full 2):
 PSYoungGen      total 24576K, used 4170K [0x00000000d5580000, 0x00000000d7580000, 0x0000000100000000)
  eden space 19968K, 0% used [0x00000000d5580000,0x00000000d5580000,0x00000000d6900000)
  from space 4608K, 90% used [0x00000000d7100000,0x00000000d7512b48,0x00000000d7580000)
  to   space 5632K, 0% used [0x00000000d6a80000,0x00000000d6a80000,0x00000000d7000000)
 ParOldGen       total 68608K, used 68539K [0x0000000080000000, 0x0000000084300000, 0x00000000d5580000)
  object space 68608K, 99% used [0x0000000080000000,0x00000000842eec70,0x0000000084300000)
 Metaspace       used 48799K, committed 50112K, reserved 1114112K
  class space    used 5226K, committed 5824K, reserved 1048576K
}
Event: 5.773 GC heap before
{Heap before GC invocations=35 (full 2):
 PSYoungGen      total 24576K, used 24138K [0x00000000d5580000, 0x00000000d7580000, 0x0000000100000000)
  eden space 19968K, 100% used [0x00000000d5580000,0x00000000d6900000,0x00000000d6900000)
  from space 4608K, 90% used [0x00000000d7100000,0x00000000d7512b48,0x00000000d7580000)
  to   space 5632K, 0% used [0x00000000d6a80000,0x00000000d6a80000,0x00000000d7000000)
 ParOldGen       total 68608K, used 68539K [0x0000000080000000, 0x0000000084300000, 0x00000000d5580000)
  object space 68608K, 99% used [0x0000000080000000,0x00000000842eec70,0x0000000084300000)
 Metaspace       used 48815K, committed 50112K, reserved 1114112K
  class space    used 5226K, committed 5824K, reserved 1048576K
}
Event: 5.775 GC heap after
{Heap after GC invocations=35 (full 2):
 PSYoungGen      total 24064K, used 4088K [0x00000000d5580000, 0x00000000d7200000, 0x0000000100000000)
  eden space 19968K, 0% used [0x00000000d5580000,0x00000000d5580000,0x00000000d6900000)
  from space 4096K, 99% used [0x00000000d6a80000,0x00000000d6e7e2b8,0x00000000d6e80000)
  to   space 3584K, 0% used [0x00000000d6e80000,0x00000000d6e80000,0x00000000d7200000)
 ParOldGen       total 72704K, used 72444K [0x0000000080000000, 0x0000000084700000, 0x00000000d5580000)
  object space 72704K, 99% used [0x0000000080000000,0x00000000846bf078,0x0000000084700000)
 Metaspace       used 48815K, committed 50112K, reserved 1114112K
  class space    used 5226K, committed 5824K, reserved 1048576K
}
Event: 5.862 GC heap before
{Heap before GC invocations=36 (full 2):
 PSYoungGen      total 24064K, used 24056K [0x00000000d5580000, 0x00000000d7200000, 0x0000000100000000)
  eden space 19968K, 100% used [0x00000000d5580000,0x00000000d6900000,0x00000000d6900000)
  from space 4096K, 99% used [0x00000000d6a80000,0x00000000d6e7e2b8,0x00000000d6e80000)
  to   space 3584K, 0% used [0x00000000d6e80000,0x00000000d6e80000,0x00000000d7200000)
 ParOldGen       total 72704K, used 72444K [0x0000000080000000, 0x0000000084700000, 0x00000000d5580000)
  object space 72704K, 99% used [0x0000000080000000,0x00000000846bf078,0x0000000084700000)
 Metaspace       used 48815K, committed 50112K, reserved 1114112K
  class space    used 5226K, committed 5824K, reserved 1048576K
}
Event: 5.864 GC heap after
{Heap after GC invocations=36 (full 2):
 PSYoungGen      total 20480K, used 3565K [0x00000000d5580000, 0x00000000d7a00000, 0x0000000100000000)
  eden space 16896K, 0% used [0x00000000d5580000,0x00000000d5580000,0x00000000d6600000)
  from space 3584K, 99% used [0x00000000d6e80000,0x00000000d71fb5e0,0x00000000d7200000)
  to   space 8704K, 0% used [0x00000000d6600000,0x00000000d6600000,0x00000000d6e80000)
 ParOldGen       total 76800K, used 76713K [0x0000000080000000, 0x0000000084b00000, 0x00000000d5580000)
  object space 76800K, 99% used [0x0000000080000000,0x0000000084aea740,0x0000000084b00000)
 Metaspace       used 48815K, committed 50112K, reserved 1114112K
  class space    used 5226K, committed 5824K, reserved 1048576K
}
Event: 5.941 GC heap before
{Heap before GC invocations=37 (full 2):
 PSYoungGen      total 20480K, used 20461K [0x00000000d5580000, 0x00000000d7a00000, 0x0000000100000000)
  eden space 16896K, 100% used [0x00000000d5580000,0x00000000d6600000,0x00000000d6600000)
  from space 3584K, 99% used [0x00000000d6e80000,0x00000000d71fb5e0,0x00000000d7200000)
  to   space 8704K, 0% used [0x00000000d6600000,0x00000000d6600000,0x00000000d6e80000)
 ParOldGen       total 76800K, used 76713K [0x0000000080000000, 0x0000000084b00000, 0x00000000d5580000)
  object space 76800K, 99% used [0x0000000080000000,0x0000000084aea740,0x0000000084b00000)
 Metaspace       used 48827K, committed 50112K, reserved 1114112K
  class space    used 5226K, committed 5824K, reserved 1048576K
}
Event: 5.944 GC heap after
{Heap after GC invocations=37 (full 2):
 PSYoungGen      total 20480K, used 3240K [0x00000000d5580000, 0x00000000d7000000, 0x0000000100000000)
  eden space 16896K, 0% used [0x00000000d5580000,0x00000000d5580000,0x00000000d6600000)
  from space 3584K, 90% used [0x00000000d6600000,0x00000000d692a3e0,0x00000000d6980000)
  to   space 5120K, 0% used [0x00000000d6b00000,0x00000000d6b00000,0x00000000d7000000)
 ParOldGen       total 80384K, used 80214K [0x0000000080000000, 0x0000000084e80000, 0x00000000d5580000)
  object space 80384K, 99% used [0x0000000080000000,0x0000000084e55850,0x0000000084e80000)
 Metaspace       used 48827K, committed 50112K, reserved 1114112K
  class space    used 5226K, committed 5824K, reserved 1048576K
}

