# JRE version: OpenJDK Runtime Environment Temurin-21.0.8+9 (21.0.8+9) (build 21.0.8+9-LTS)
# Java VM: OpenJDK 64-Bit Server VM Temurin-21.0.8+9 (21.0.8+9-LTS, mixed mode, sharing, tiered, compressed oops, compressed class ptrs, parallel gc, windows-amd64)
GC Precious Log:
 CardTable entry size: 512
 CPUs: 16 total, 16 available
 Memory: 16176M
 Large Page Support: Disabled
 NUMA Support: Disabled
 Compressed Oops: Enabled (32-bit)
 Alignments: Space 512K, Generation 512K, Heap 2M
 Heap Min Capacity: 100M
 Heap Initial Capacity: 100M
 Heap Max Capacity: 2G
 Pre-touch: Disabled
 Parallel Workers: 13
Heap:
 PSYoungGen      total 2560K, used 1598K [0x00000000d5580000, 0x00000000d5900000, 0x0000000100000000)
  eden space 2048K, 60% used [0x00000000d5580000,0x00000000d56b7878,0x00000000d5780000)
  from space 512K, 68% used [0x00000000d5800000,0x00000000d5858000,0x00000000d5880000)
  to   space 512K, 0% used [0x00000000d5880000,0x00000000d5880000,0x00000000d5900000)
 ParOldGen       total 184320K, used 134293K [0x0000000080000000, 0x000000008b400000, 0x00000000d5580000)
  object space 184320K, 72% used [0x0000000080000000,0x0000000088325498,0x000000008b400000)
 Metaspace       used 71102K, committed 72704K, reserved 1114112K
  class space    used 7108K, committed 7872K, reserved 1048576K
GC Heap History (20 events):
Event: 458.082 GC heap before
{Heap before GC invocations=1224 (full 4):
 PSYoungGen      total 2560K, used 2208K [0x00000000d5580000, 0x00000000d5900000, 0x0000000100000000)
  eden space 2048K, 100% used [0x00000000d5580000,0x00000000d5780000,0x00000000d5780000)
  from space 512K, 31% used [0x00000000d5800000,0x00000000d5828000,0x00000000d5880000)
  to   space 512K, 0% used [0x00000000d5880000,0x00000000d5880000,0x00000000d5900000)
 ParOldGen       total 184320K, used 103101K [0x0000000080000000, 0x000000008b400000, 0x00000000d5580000)
  object space 184320K, 55% used [0x0000000080000000,0x00000000864af438,0x000000008b400000)
 Metaspace       used 70988K, committed 72576K, reserved 1114112K
  class space    used 7099K, committed 7808K, reserved 1048576K
}
Event: 458.082 GC heap after
{Heap after GC invocations=1224 (full 4):
 PSYoungGen      total 2560K, used 192K [0x00000000d5580000, 0x00000000d5900000, 0x0000000100000000)
  eden space 2048K, 0% used [0x00000000d5580000,0x00000000d5580000,0x00000000d5780000)
  from space 512K, 37% used [0x00000000d5880000,0x00000000d58b0000,0x00000000d5900000)
  to   space 512K, 0% used [0x00000000d5800000,0x00000000d5800000,0x00000000d5880000)
 ParOldGen       total 184320K, used 103101K [0x0000000080000000, 0x000000008b400000, 0x00000000d5580000)
  object space 184320K, 55% used [0x0000000080000000,0x00000000864af438,0x000000008b400000)
 Metaspace       used 70988K, committed 72576K, reserved 1114112K
  class space    used 7099K, committed 7808K, reserved 1048576K
}
Event: 458.108 GC heap before
{Heap before GC invocations=1225 (full 4):
 PSYoungGen      total 2560K, used 2240K [0x00000000d5580000, 0x00000000d5900000, 0x0000000100000000)
  eden space 2048K, 100% used [0x00000000d5580000,0x00000000d5780000,0x00000000d5780000)
  from space 512K, 37% used [0x00000000d5880000,0x00000000d58b0000,0x00000000d5900000)
  to   space 512K, 0% used [0x00000000d5800000,0x00000000d5800000,0x00000000d5880000)
 ParOldGen       total 184320K, used 103101K [0x0000000080000000, 0x000000008b400000, 0x00000000d5580000)
  object space 184320K, 55% used [0x0000000080000000,0x00000000864af438,0x000000008b400000)
 Metaspace       used 70988K, committed 72576K, reserved 1114112K
  class space    used 7099K, committed 7808K, reserved 1048576K
}
Event: 458.109 GC heap after
{Heap after GC invocations=1225 (full 4):
 PSYoungGen      total 2560K, used 256K [0x00000000d5580000, 0x00000000d5900000, 0x0000000100000000)
  eden space 2048K, 0% used [0x00000000d5580000,0x00000000d5580000,0x00000000d5780000)
  from space 512K, 50% used [0x00000000d5800000,0x00000000d5840000,0x00000000d5880000)
  to   space 512K, 0% used [0x00000000d5880000,0x00000000d5880000,0x00000000d5900000)
 ParOldGen       total 184320K, used 103101K [0x0000000080000000, 0x000000008b400000, 0x00000000d5580000)
  object space 184320K, 55% used [0x0000000080000000,0x00000000864af438,0x000000008b400000)
 Metaspace       used 70988K, committed 72576K, reserved 1114112K
  class space    used 7099K, committed 7808K, reserved 1048576K
}
Event: 458.132 GC heap before
{Heap before GC invocations=1226 (full 4):
 PSYoungGen      total 2560K, used 2304K [0x00000000d5580000, 0x00000000d5900000, 0x0000000100000000)
  eden space 2048K, 100% used [0x00000000d5580000,0x00000000d5780000,0x00000000d5780000)
  from space 512K, 50% used [0x00000000d5800000,0x00000000d5840000,0x00000000d5880000)
  to   space 512K, 0% used [0x00000000d5880000,0x00000000d5880000,0x00000000d5900000)
 ParOldGen       total 184320K, used 103101K [0x0000000080000000, 0x000000008b400000, 0x00000000d5580000)
  object space 184320K, 55% used [0x0000000080000000,0x00000000864af438,0x000000008b400000)
 Metaspace       used 70988K, committed 72576K, reserved 1114112K
  class space    used 7099K, committed 7808K, reserved 1048576K
}
Event: 458.132 GC heap after
{Heap after GC invocations=1226 (full 4):
 PSYoungGen      total 2560K, used 224K [0x00000000d5580000, 0x00000000d5900000, 0x0000000100000000)
  eden space 2048K, 0% used [0x00000000d5580000,0x00000000d5580000,0x00000000d5780000)
  from space 512K, 43% used [0x00000000d5880000,0x00000000d58b8000,0x00000000d5900000)
  to   space 512K, 0% used [0x00000000d5800000,0x00000000d5800000,0x00000000d5880000)
 ParOldGen       total 184320K, used 103101K [0x0000000080000000, 0x000000008b400000, 0x00000000d5580000)
  object space 184320K, 55% used [0x0000000080000000,0x00000000864af438,0x000000008b400000)
 Metaspace       used 70988K, committed 72576K, reserved 1114112K
  class space    used 7099K, committed 7808K, reserved 1048576K
}
Event: 458.158 GC heap before
{Heap before GC invocations=1227 (full 4):
 PSYoungGen      total 2560K, used 2272K [0x00000000d5580000, 0x00000000d5900000, 0x0000000100000000)
  eden space 2048K, 100% used [0x00000000d5580000,0x00000000d5780000,0x00000000d5780000)
  from space 512K, 43% used [0x00000000d5880000,0x00000000d58b8000,0x00000000d5900000)
  to   space 512K, 0% used [0x00000000d5800000,0x00000000d5800000,0x00000000d5880000)
 ParOldGen       total 184320K, used 103101K [0x0000000080000000, 0x000000008b400000, 0x00000000d5580000)
  object space 184320K, 55% used [0x0000000080000000,0x00000000864af438,0x000000008b400000)
 Metaspace       used 70988K, committed 72576K, reserved 1114112K
  class space    used 7099K, committed 7808K, reserved 1048576K
}
Event: 458.158 GC heap after
{Heap after GC invocations=1227 (full 4):
 PSYoungGen      total 2560K, used 160K [0x00000000d5580000, 0x00000000d5900000, 0x0000000100000000)
  eden space 2048K, 0% used [0x00000000d5580000,0x00000000d5580000,0x00000000d5780000)
  from space 512K, 31% used [0x00000000d5800000,0x00000000d5828000,0x00000000d5880000)
  to   space 512K, 0% used [0x00000000d5880000,0x00000000d5880000,0x00000000d5900000)
 ParOldGen       total 184320K, used 103101K [0x0000000080000000, 0x000000008b400000, 0x00000000d5580000)
  object space 184320K, 55% used [0x0000000080000000,0x00000000864af438,0x000000008b400000)
 Metaspace       used 70988K, committed 72576K, reserved 1114112K
  class space    used 7099K, committed 7808K, reserved 1048576K
}
Event: 468.407 GC heap before
{Heap before GC invocations=1228 (full 4):
 PSYoungGen      total 2560K, used 2208K [0x00000000d5580000, 0x00000000d5900000, 0x0000000100000000)
  eden space 2048K, 100% used [0x00000000d5580000,0x00000000d5780000,0x00000000d5780000)
  from space 512K, 31% used [0x00000000d5800000,0x00000000d5828000,0x00000000d5880000)
  to   space 512K, 0% used [0x00000000d5880000,0x00000000d5880000,0x00000000d5900000)
 ParOldGen       total 184320K, used 103101K [0x0000000080000000, 0x000000008b400000, 0x00000000d5580000)
  object space 184320K, 55% used [0x0000000080000000,0x00000000864af438,0x000000008b400000)
 Metaspace       used 70988K, committed 72576K, reserved 1114112K
  class space    used 7099K, committed 7808K, reserved 1048576K
}
Event: 468.408 GC heap after
{Heap after GC invocations=1228 (full 4):
 PSYoungGen      total 2560K, used 192K [0x00000000d5580000, 0x00000000d5900000, 0x0000000100000000)
  eden space 2048K, 0% used [0x00000000d5580000,0x00000000d5580000,0x00000000d5780000)
  from space 512K, 37% used [0x00000000d5880000,0x00000000d58b0000,0x00000000d5900000)
  to   space 512K, 0% used [0x00000000d5800000,0x00000000d5800000,0x00000000d5880000)
 ParOldGen       total 184320K, used 103101K [0x0000000080000000, 0x000000008b400000, 0x00000000d5580000)
  object space 184320K, 55% used [0x0000000080000000,0x00000000864af438,0x000000008b400000)
 Metaspace       used 70988K, committed 72576K, reserved 1114112K
  class space    used 7099K, committed 7808K, reserved 1048576K
}
Event: 468.444 GC heap before
{Heap before GC invocations=1229 (full 4):
 PSYoungGen      total 2560K, used 2239K [0x00000000d5580000, 0x00000000d5900000, 0x0000000100000000)
  eden space 2048K, 99% used [0x00000000d5580000,0x00000000d577ff90,0x00000000d5780000)
  from space 512K, 37% used [0x00000000d5880000,0x00000000d58b0000,0x00000000d5900000)
  to   space 512K, 0% used [0x00000000d5800000,0x00000000d5800000,0x00000000d5880000)
 ParOldGen       total 184320K, used 103101K [0x0000000080000000, 0x000000008b400000, 0x00000000d5580000)
  object space 184320K, 55% used [0x0000000080000000,0x00000000864af438,0x000000008b400000)
 Metaspace       used 70988K, committed 72576K, reserved 1114112K
  class space    used 7099K, committed 7808K, reserved 1048576K
}
Event: 468.444 GC heap after
{Heap after GC invocations=1229 (full 4):
 PSYoungGen      total 2560K, used 128K [0x00000000d5580000, 0x00000000d5900000, 0x0000000100000000)
  eden space 2048K, 0% used [0x00000000d5580000,0x00000000d5580000,0x00000000d5780000)
  from space 512K, 25% used [0x00000000d5800000,0x00000000d5820000,0x00000000d5880000)
  to   space 512K, 0% used [0x00000000d5880000,0x00000000d5880000,0x00000000d5900000)
 ParOldGen       total 184320K, used 103149K [0x0000000080000000, 0x000000008b400000, 0x00000000d5580000)
  object space 184320K, 55% used [0x0000000080000000,0x00000000864bb438,0x000000008b400000)
 Metaspace       used 70988K, committed 72576K, reserved 1114112K
  class space    used 7099K, committed 7808K, reserved 1048576K
}
Event: 481.242 GC heap before
{Heap before GC invocations=1230 (full 4):
 PSYoungGen      total 2560K, used 2176K [0x00000000d5580000, 0x00000000d5900000, 0x0000000100000000)
  eden space 2048K, 100% used [0x00000000d5580000,0x00000000d5780000,0x00000000d5780000)
  from space 512K, 25% used [0x00000000d5800000,0x00000000d5820000,0x00000000d5880000)
  to   space 512K, 0% used [0x00000000d5880000,0x00000000d5880000,0x00000000d5900000)
 ParOldGen       total 184320K, used 103149K [0x0000000080000000, 0x000000008b400000, 0x00000000d5580000)
  object space 184320K, 55% used [0x0000000080000000,0x00000000864bb438,0x000000008b400000)
 Metaspace       used 71006K, committed 72576K, reserved 1114112K
  class space    used 7100K, committed 7808K, reserved 1048576K
}
Event: 481.242 GC heap after
{Heap after GC invocations=1230 (full 4):
 PSYoungGen      total 2560K, used 352K [0x00000000d5580000, 0x00000000d5900000, 0x0000000100000000)
  eden space 2048K, 0% used [0x00000000d5580000,0x00000000d5580000,0x00000000d5780000)
  from space 512K, 68% used [0x00000000d5880000,0x00000000d58d8000,0x00000000d5900000)
  to   space 512K, 0% used [0x00000000d5800000,0x00000000d5800000,0x00000000d5880000)
 ParOldGen       total 184320K, used 103157K [0x0000000080000000, 0x000000008b400000, 0x00000000d5580000)
  object space 184320K, 55% used [0x0000000080000000,0x00000000864bd438,0x000000008b400000)
 Metaspace       used 71006K, committed 72576K, reserved 1114112K
  class space    used 7100K, committed 7808K, reserved 1048576K
}
Event: 481.278 GC heap before
{Heap before GC invocations=1231 (full 4):
 PSYoungGen      total 2560K, used 2400K [0x00000000d5580000, 0x00000000d5900000, 0x0000000100000000)
  eden space 2048K, 100% used [0x00000000d5580000,0x00000000d5780000,0x00000000d5780000)
  from space 512K, 68% used [0x00000000d5880000,0x00000000d58d8000,0x00000000d5900000)
  to   space 512K, 0% used [0x00000000d5800000,0x00000000d5800000,0x00000000d5880000)
 ParOldGen       total 184320K, used 103157K [0x0000000080000000, 0x000000008b400000, 0x00000000d5580000)
  object space 184320K, 55% used [0x0000000080000000,0x00000000864bd438,0x000000008b400000)
 Metaspace       used 71046K, committed 72640K, reserved 1114112K
  class space    used 7107K, committed 7872K, reserved 1048576K
}
Event: 481.279 GC heap after
{Heap after GC invocations=1231 (full 4):
 PSYoungGen      total 2560K, used 480K [0x00000000d5580000, 0x00000000d5900000, 0x0000000100000000)
  eden space 2048K, 0% used [0x00000000d5580000,0x00000000d5580000,0x00000000d5780000)
  from space 512K, 93% used [0x00000000d5800000,0x00000000d5878020,0x00000000d5880000)
  to   space 512K, 0% used [0x00000000d5880000,0x00000000d5880000,0x00000000d5900000)
 ParOldGen       total 184320K, used 103285K [0x0000000080000000, 0x000000008b400000, 0x00000000d5580000)
  object space 184320K, 56% used [0x0000000080000000,0x00000000864dd438,0x000000008b400000)
 Metaspace       used 71046K, committed 72640K, reserved 1114112K
  class space    used 7107K, committed 7872K, reserved 1048576K
}
Event: 481.337 GC heap before
{Heap before GC invocations=1232 (full 4):
 PSYoungGen      total 2560K, used 2528K [0x00000000d5580000, 0x00000000d5900000, 0x0000000100000000)
  eden space 2048K, 100% used [0x00000000d5580000,0x00000000d5780000,0x00000000d5780000)
  from space 512K, 93% used [0x00000000d5800000,0x00000000d5878020,0x00000000d5880000)
  to   space 512K, 0% used [0x00000000d5880000,0x00000000d5880000,0x00000000d5900000)
 ParOldGen       total 184320K, used 134005K [0x0000000080000000, 0x000000008b400000, 0x00000000d5580000)
  object space 184320K, 72% used [0x0000000080000000,0x00000000882dd468,0x000000008b400000)
 Metaspace       used 71097K, committed 72640K, reserved 1114112K
  class space    used 7108K, committed 7872K, reserved 1048576K
}
Event: 481.338 GC heap after
{Heap after GC invocations=1232 (full 4):
 PSYoungGen      total 2560K, used 384K [0x00000000d5580000, 0x00000000d5900000, 0x0000000100000000)
  eden space 2048K, 0% used [0x00000000d5580000,0x00000000d5580000,0x00000000d5780000)
  from space 512K, 75% used [0x00000000d5880000,0x00000000d58e0000,0x00000000d5900000)
  to   space 512K, 0% used [0x00000000d5800000,0x00000000d5800000,0x00000000d5880000)
 ParOldGen       total 184320K, used 134197K [0x0000000080000000, 0x000000008b400000, 0x00000000d5580000)
  object space 184320K, 72% used [0x0000000080000000,0x000000008830d498,0x000000008b400000)
 Metaspace       used 71097K, committed 72640K, reserved 1114112K
  class space    used 7108K, committed 7872K, reserved 1048576K
}
Event: 588.786 GC heap before
{Heap before GC invocations=1233 (full 4):
 PSYoungGen      total 2560K, used 2432K [0x00000000d5580000, 0x00000000d5900000, 0x0000000100000000)
  eden space 2048K, 100% used [0x00000000d5580000,0x00000000d5780000,0x00000000d5780000)
  from space 512K, 75% used [0x00000000d5880000,0x00000000d58e0000,0x00000000d5900000)
  to   space 512K, 0% used [0x00000000d5800000,0x00000000d5800000,0x00000000d5880000)
 ParOldGen       total 184320K, used 134197K [0x0000000080000000, 0x000000008b400000, 0x00000000d5580000)
  object space 184320K, 72% used [0x0000000080000000,0x000000008830d498,0x000000008b400000)
 Metaspace       used 71102K, committed 72704K, reserved 1114112K
  class space    used 7108K, committed 7872K, reserved 1048576K
}
Event: 588.787 GC heap after
{Heap after GC invocations=1233 (full 4):
 PSYoungGen      total 2560K, used 352K [0x00000000d5580000, 0x00000000d5900000, 0x0000000100000000)
  eden space 2048K, 0% used [0x00000000d5580000,0x00000000d5580000,0x00000000d5780000)
  from space 512K, 68% used [0x00000000d5800000,0x00000000d5858000,0x00000000d5880000)
  to   space 512K, 0% used [0x00000000d5880000,0x00000000d5880000,0x00000000d5900000)
 ParOldGen       total 184320K, used 134293K [0x0000000080000000, 0x000000008b400000, 0x00000000d5580000)
  object space 184320K, 72% used [0x0000000080000000,0x0000000088325498,0x000000008b400000)
 Metaspace       used 71102K, committed 72704K, reserved 1114112K
  class space    used 7108K, committed 7872K, reserved 1048576K
}

